\BOOKMARK [0][-]{chapter.1}{\376\377\000C\000o\000n\000c\000e\000p\000t\000\040\000A\000l\000g\000o\000r\000i\000t\000h\000m}{}% 1
\BOOKMARK [1][-]{section.1.1}{\376\377\000M\000a\000p\000c\000u\000r\000v\000e\000\040\000\050\000H\000a\000r\000g\000r\000o\000v\000e\000\040\000e\000t\000\040\000a\000l\000.\000\040\0002\0000\0000\0006\000\051}{chapter.1}% 2
\BOOKMARK [1][-]{section.1.2}{\376\377\000S\000q\000u\000e\000n\000t\000i\000a\000l}{chapter.1}% 3
\BOOKMARK [1][-]{section.1.3}{\376\377\000N\000e\000a\000r\000e\000s\000t\000\040\000N\000e\000i\000g\000h\000b\000o\000u\000r}{chapter.1}% 4
\BOOKMARK [1][-]{section.1.4}{\376\377\000W\000i\000l\000k\000e\000r\000s\000t\000a\000t}{chapter.1}% 5
\BOOKMARK [0][-]{chapter.2}{\376\377\000U\000s\000e\000r\000\040\000G\000u\000i\000d\000e}{}% 6
\BOOKMARK [0][-]{chapter.3}{\376\377\000P\000l\000u\000g\000i\000n\000\040\000A\000t\000t\000r\000i\000b\000u\000t\000\040\000D\000i\000a\000l\000o\000g\000\040\000C\000l\000a\000s\000s\000e\000s}{}% 7
\BOOKMARK [1][-]{section.3.1}{\376\377\000C\000l\000a\000s\000s\000:\000\040\000C\000a\000l\000c\000D\000i\000a\000l\000o\000g}{chapter.3}% 8
\BOOKMARK [1][-]{section.3.2}{\376\377\000C\000l\000a\000s\000s\000:\000\040\000S\000i\000m\000i\000l\000a\000r\000i\000t\000y\000P\000l\000u\000g\000i\000n}{chapter.3}% 9
\BOOKMARK [1][-]{section.3.3}{\376\377\000C\000l\000a\000s\000s\000:\000\040\000S\000i\000m\000i\000l\000a\000r\000i\000t\000y\000P\000l\000u\000g\000i\000n\000D\000i\000a\000l\000o\000g}{chapter.3}% 10
\BOOKMARK [1][-]{section.3.4}{\376\377\000C\000l\000a\000s\000s\000:\000\040\000W\000a\000r\000n\000D\000i\000a\000l\000o\000g}{chapter.3}% 11
\BOOKMARK [0][-]{chapter.4}{\376\377\000P\000l\000u\000g\000i\000n\000\040\000D\000i\000a\000l\000o\000g\000\040\000I\000n\000t\000e\000r\000a\000c\000t\000i\000o\000n}{}% 12
\BOOKMARK [1][-]{section.4.1}{\376\377\000I\000n\000p\000u\000t\000\040\000s\000e\000c\000t\000i\000o\000n}{chapter.4}% 13
\BOOKMARK [1][-]{section.4.2}{\376\377\000P\000r\000e\000v\000i\000e\000w\000\040\000s\000e\000c\000t\000i\000o\000n}{chapter.4}% 14
\BOOKMARK [1][-]{section.4.3}{\376\377\000A\000c\000t\000i\000o\000n\000\040\000s\000e\000c\000t\000i\000o\000n}{chapter.4}% 15
\BOOKMARK [0][-]{chapter.5}{\376\377\000P\000l\000u\000g\000i\000n\000\040\000C\000a\000l\000c\000u\000l\000a\000t\000i\000o\000n\000\040\000M\000e\000t\000h\000o\000d}{}% 16
\BOOKMARK [1][-]{section.5.1}{\376\377\000c\000a\000l\000c\000M\000a\000p\000C\000u\000r\000v\000e\000s\000G\000e\000o\000m}{chapter.5}% 17
\BOOKMARK [1][-]{section.5.2}{\376\377\000c\000a\000l\000c\000M\000a\000p\000C\000u\000r\000v\000e\000s}{chapter.5}% 18
\BOOKMARK [1][-]{section.5.3}{\376\377\000c\000a\000l\000c\000S\000q}{chapter.5}% 19
\BOOKMARK [1][-]{section.5.4}{\376\377\000c\000a\000l\000c\000K\000N\000N}{chapter.5}% 20
\BOOKMARK [1][-]{section.5.5}{\376\377\000c\000a\000l\000c\000W\000K}{chapter.5}% 21
\BOOKMARK [1][-]{section.5.6}{\376\377\000t\000r\000a\000n\000s\000l\000a\000t\000e\000C\000e\000n\000t\000e\000r\000G\000e\000o\000m}{chapter.5}% 22
\BOOKMARK [0][-]{chapter.6}{\376\377\000A\000b\000o\000u\000t\000\040\000P\000l\000u\000g\000i\000n}{}% 23
