This is pdfTeX, Version 3.14159265-2.6-1.40.21 (MiKTeX 2.9.7440 64-bit) (preloaded format=pdflatex 2020.6.20)  20 JUN 2020 21:38
entering extended mode
**./sphinx.sty
(sphinx.sty
LaTeX2e <2020-02-02> patch level 5
L3 programming layer <2020-06-03>

LaTeX Warning: You have requested package `',
               but the package provides `sphinx'.

Package: sphinx 2019/09/02 v2.3.0 LaTeX package (Sphinx markup)

("C:\Users\ASUS\AppData\Local\Programs\MiKTeX 2.9\tex/generic/ltxcmds\ltxcmds.s
ty"
Package: ltxcmds 2019/12/15 v1.24 LaTeX kernel commands for general use (HO)
)
("C:\Users\ASUS\AppData\Local\Programs\MiKTeX 2.9\tex/latex/graphics\graphicx.s
ty"
Package: graphicx 2019/11/30 v1.2a Enhanced LaTeX Graphics (DPC,SPQR)

("C:\Users\ASUS\AppData\Local\Programs\MiKTeX 2.9\tex/latex/graphics\keyval.sty
"
Package: keyval 2014/10/28 v1.15 key=value parser (DPC)
\KV@toks@=\toks15
)
("C:\Users\ASUS\AppData\Local\Programs\MiKTeX 2.9\tex/latex/graphics\graphics.s
ty"
Package: graphics 2019/11/30 v1.4a Standard LaTeX Graphics (DPC,SPQR)

("C:\Users\ASUS\AppData\Local\Programs\MiKTeX 2.9\tex/latex/graphics\trig.sty"
Package: trig 2016/01/03 v1.10 sin cos tan (DPC)
)
("C:\Users\ASUS\AppData\Local\Programs\MiKTeX 2.9\tex/latex/graphics-cfg\graphi
cs.cfg"
File: graphics.cfg 2016/06/04 v1.11 sample graphics configuration
)
Package graphics Info: Driver file: pdftex.def on input line 105.

("C:\Users\ASUS\AppData\Local\Programs\MiKTeX 2.9\tex/latex/graphics-def\pdftex
.def"
File: pdftex.def 2018/01/08 v1.0l Graphics/color driver for pdftex
))
\Gin@req@height=\dimen134
\Gin@req@width=\dimen135
)
! You can't use `\spacefactor' in vertical mode.
\@->\spacefactor 
                 \@m {}
l.39 \@
       ifclassloaded{memoir}{}{\RequirePackage{fancyhdr}}
? 
! Missing $ inserted.
<inserted text> 
                $
l.39 \@
       ifclassloaded{memoir}{}{\RequirePackage{fancyhdr}}
? 